\o Program:		@(#)$CDS: libManager version 6.1.8 - CAT37 06/26/2020 22:02 (sjfhw830) $
\o Sub version:		sub-version  s131 
\o Arguments:		-mpssession virtuoso39882 -mpshost n01-zeus.olympus.ece.tamu.edu 
\o Working Directory:	n01-zeus.olympus.ece.tamu.edu:/home/ugrads/r/rohitbarichello/ECEN454
\o 64-bit offsets
\o Qt version: 		5.9.1
\o Log file is "/home/ugrads/r/rohitbarichello/ECEN454/libManager.log".
\o Opening libManager window.
\a nrResizeWindow(cdsLibManager list(9 38 958 901))
\a nrSetCurrentWindow(cdsLibManager)
\o changeWorkingDir("/home/ugrads/r/rohitbarichello/ECEN454") unnecessary.
\o ddSetForcedLib("") unnecessary.
\o MPS service: map window
\o Library Manager customization server connected.
\a cdsLibManager->libListBox->value = "Design"
\a cdsLibManager->libLineEdit->value = "Design"
\a cdsLibManager->cellListBox->value = "flip_flop"
\a cdsLibManager->cellLineEdit->value = "flip_flop"
\a cdsLibManager->cellListBox->value = "xor2"
\a cdsLibManager->cellLineEdit->value = "xor2"
\a cdsLibManager->cellListBox->value = "4BitAdder_unit"
\a cdsLibManager->cellLineEdit->value = "4BitAdder_unit"
\a cdsLibManager->viewListBox->value = "schematic"
\a cdsLibManager->viewLineEdit->value = "schematic"
\a cdsLibManager->cellListBox->value = "4BitAdder_transistor"
\a cdsLibManager->cellLineEdit->value = "4BitAdder_transistor"
\a cdsLibManager->viewLineEdit->value = ""
\a cdsLibManager->viewListBox->value = nil
\a cdsLibManager->viewListBox->value = "schematic"
\a cdsLibManager->viewLineEdit->value = "schematic"
\a cdsLibManager->viewListBox->value = nil
\a cdsLibManager->viewLineEdit->value = ""
\a cdsLibManager->viewListBox->value = "schematic"
\a cdsLibManager->viewLineEdit->value = "schematic"
\o MPS request: edit design
\a nrListItemAction(cdsLibManager->gdmXTView 0 0)
\a cdsLibManager->libListBox->value = nil
\a cdsLibManager->libLineEdit->value = ""
\a cdsLibManager->cellListBox->value = nil
\a cdsLibManager->viewLineEdit->value = ""
\a cdsLibManager->viewListBox->value = nil
\a cdsLibManager->cellLineEdit->value = ""
\a cdsLibManager->libListBox->value = "Design"
\a cdsLibManager->libLineEdit->value = "Design"
\a cdsLibManager->cellListBox->value = "4BitAdder_transistor"
\a cdsLibManager->cellLineEdit->value = "4BitAdder_transistor"
\a cdsLibManager->viewListBox->value = "schematic"
\a cdsLibManager->viewLineEdit->value = "schematic"
\a cdsLibManager->viewLineEdit->value = ""
\a cdsLibManager->viewListBox->value = nil
\a cdsLibManager->viewListBox->value = "schematic"
\a cdsLibManager->viewLineEdit->value = "schematic"
\a nrSetCurrentWindow(cdsLibManager)
\a nrSetCurrentWindow(cdsLibManager)
\a cdsLibManager->cellListBox->value = "4BitAdder_unit"
\a cdsLibManager->cellLineEdit->value = "4BitAdder_unit"
\a cdsLibManager->viewLineEdit->value = ""
\a cdsLibManager->viewListBox->value = nil
\a cdsLibManager->viewListBox->value = "schematic"
\a cdsLibManager->viewLineEdit->value = "schematic"
\a cdsLibManager->cellLineEdit->value = ""
\a cdsLibManager->cellListBox->value = nil
\a cdsLibManager->viewLineEdit->value = ""
\a cdsLibManager->viewListBox->value = nil
\a cdsLibManager->cellListBox->value = "4BitAdder_unit"
\a cdsLibManager->cellLineEdit->value = "4BitAdder_unit"
\a cdsLibManager->viewListBox->value = "schematic"
\a cdsLibManager->viewLineEdit->value = "schematic"
\a cdsLibManager->viewListBox->value = nil
\a cdsLibManager->viewLineEdit->value = ""
\a cdsLibManager->viewListBox->value = "schematic"
\a cdsLibManager->viewLineEdit->value = "schematic"
\o MPS request: edit design
\a nrListItemAction(cdsLibManager->gdmXTView 0 0)
\a nrSetCurrentWindow(cdsLibManager)
\a nrSetCurrentWindow(cdsLibManager)
\a nrSetCurrentWindow(cdsLibManager)
\a nrResizeWindow(cdsLibManager list(0 0 958 901))
\o MPS service: shutdown
\o libManager is exiting.
\a exit(0)
